Unity Editor version:    2021.3.6f1 (7da38d85baf6)
Branch:                  2021.3/staging
Build type:              Release
Batch mode:              YES
macOS version:           Version 11.5.2 (Build 20G95)
Darwin version:          20.6.0
Architecture:            arm64
Running under Rosetta:   NO
Available memory:        16384 MB
Using pre-set license
Pro License: YES

COMMAND LINE ARGUMENTS:
/Applications/Unity/Hub/Editor/2021.3.6f1/Unity.app/Contents/MacOS/Unity
-adb2
-batchMode
-noUpm
-name
AssetImportWorker2
-projectPath
/Users/angelica/Documents/Unity/CS 428/angelica_villegas.428.P1
-logFile
Logs/AssetImportWorker2.log
-srvPort
57472
Successfully changed project path to: /Users/angelica/Documents/Unity/CS 428/angelica_villegas.428.P1
/Users/angelica/Documents/Unity/CS 428/angelica_villegas.428.P1
[UnityMemory] Configuration Parameters - Can be set up in boot.config
    "memorysetup-bucket-allocator-granularity=16"
    "memorysetup-bucket-allocator-bucket-count=8"
    "memorysetup-bucket-allocator-block-size=33554432"
    "memorysetup-bucket-allocator-block-count=8"
    "memorysetup-main-allocator-block-size=16777216"
    "memorysetup-thread-allocator-block-size=16777216"
    "memorysetup-gfx-main-allocator-block-size=16777216"
    "memorysetup-gfx-thread-allocator-block-size=16777216"
    "memorysetup-cache-allocator-block-size=4194304"
    "memorysetup-typetree-allocator-block-size=2097152"
    "memorysetup-profiler-bucket-allocator-granularity=16"
    "memorysetup-profiler-bucket-allocator-bucket-count=8"
    "memorysetup-profiler-bucket-allocator-block-size=33554432"
    "memorysetup-profiler-bucket-allocator-block-count=8"
    "memorysetup-profiler-allocator-block-size=16777216"
    "memorysetup-profiler-editor-allocator-block-size=1048576"
    "memorysetup-temp-allocator-size-main=16777216"
    "memorysetup-job-temp-allocator-block-size=2097152"
    "memorysetup-job-temp-allocator-block-size-background=1048576"
    "memorysetup-job-temp-allocator-reduction-small-platforms=262144"
    "memorysetup-temp-allocator-size-background-worker=32768"
    "memorysetup-temp-allocator-size-job-worker=262144"
    "memorysetup-temp-allocator-size-preload-manager=33554432"
    "memorysetup-temp-allocator-size-nav-mesh-worker=65536"
    "memorysetup-temp-allocator-size-audio-worker=65536"
    "memorysetup-temp-allocator-size-cloud-worker=32768"
    "memorysetup-temp-allocator-size-gi-baking-worker=262144"
    "memorysetup-temp-allocator-size-gfx=262144"
Refreshing native plugins compatible for Editor in 94.50 ms, found 6 plugins.
Preloading 3 native plugins for Editor in 9.23 ms.
Initialize engine version: 2021.3.6f1 (7da38d85baf6)
[Subsystems] Discovering subsystems at path /Applications/Unity/Hub/Editor/2021.3.6f1/Unity.app/Contents/Resources/UnitySubsystems
[Subsystems] Discovering subsystems at path /Users/angelica/Documents/Unity/CS 428/angelica_villegas.428.P1/Assets
GfxDevice: creating device client; threaded=0; jobified=0
 preferred device: Apple M1 (high power)
Metal devices available: 1
0: Apple M1 (high power)
Using device Apple M1 (high power)
Initializing Metal device caps: Apple M1
Initialize mono
Mono path[0] = '/Applications/Unity/Hub/Editor/2021.3.6f1/Unity.app/Contents/Managed'
Mono path[1] = '/Applications/Unity/Hub/Editor/2021.3.6f1/Unity.app/Contents/MonoBleedingEdge/lib/mono/unityjit-macos'
Mono config path = '/Applications/Unity/Hub/Editor/2021.3.6f1/Unity.app/Contents/MonoBleedingEdge/etc'
Using monoOptions --debugger-agent=transport=dt_socket,embedding=1,server=y,suspend=n,address=127.0.0.1:56480
Begin MonoManager ReloadAssembly
Registering precompiled unity dll's ...
Register platform support module: /Applications/Unity/Hub/Editor/2021.3.6f1/Unity.app/Contents/PlaybackEngines/MacStandaloneSupport/UnityEditor.OSXStandalone.Extensions.dll
Register platform support module: /Applications/Unity/Hub/Editor/2021.3.6f1/PlaybackEngines/AndroidPlayer/UnityEditor.Android.Extensions.dll
Register platform support module: /Applications/Unity/Hub/Editor/2021.3.6f1/PlaybackEngines/iOSSupport/UnityEditor.iOS.Extensions.dll
Registered in 0.002799 seconds.
[usbmuxd] Start listen thread
[usbmuxd] Listen thread started
[usbmuxd] Send listen message
Native extension for iOS target not found
Native extension for Android target not found
Native extension for OSXStandalone target not found
Refreshing native plugins compatible for Editor in 84.44 ms, found 6 plugins.
Preloading 3 native plugins for Editor in 5.09 ms.
Mono: successfully reloaded assembly
- Completed reload, in  0.556 seconds
Domain Reload Profiling:
	ReloadAssembly (556ms)
		BeginReloadAssembly (73ms)
			ExecutionOrderSort (0ms)
			DisableScriptedObjects (0ms)
			BackupInstance (0ms)
			ReleaseScriptingObjects (0ms)
			CreateAndSetChildDomain (0ms)
		EndReloadAssembly (399ms)
			LoadAssemblies (74ms)
			RebuildTransferFunctionScriptingTraits (0ms)
			SetupTypeCache (89ms)
			ReleaseScriptCaches (0ms)
			RebuildScriptCaches (23ms)
			SetupLoadedEditorAssemblies (254ms)
				LogAssemblyErrors (0ms)
				InitializePlatformSupportModulesInManaged (70ms)
				SetLoadedEditorAssemblies (1ms)
				RefreshPlugins (90ms)
				BeforeProcessingInitializeOnLoad (1ms)
				ProcessInitializeOnLoadAttributes (62ms)
				ProcessInitializeOnLoadMethodAttributes (31ms)
				AfterProcessingInitializeOnLoad (0ms)
				EditorAssembliesLoaded (0ms)
			ExecutionOrderSort2 (0ms)
			AwakeInstancesAfterBackupRestoration (0ms)
Platform modules already initialized, skipping
Registering precompiled user dll's ...
Registered in 0.012809 seconds.
Begin MonoManager ReloadAssembly
Symbol file LoadedFromMemory doesn't match image /Users/angelica/Documents/Unity/CS 428/angelica_villegas.428.P1/Library/PackageCache/com.unity.visualscripting@1.7.8/Editor/VisualScripting.Core/Dependencies/DotNetZip/Unity.VisualScripting.IonicZip.dll
Symbol file LoadedFromMemory doesn't match image /Users/angelica/Documents/Unity/CS 428/angelica_villegas.428.P1/Library/PackageCache/com.unity.visualscripting@1.7.8/Editor/VisualScripting.Core/Dependencies/YamlDotNet/Unity.VisualScripting.YamlDotNet.dll
Native extension for iOS target not found
Native extension for Android target not found
Native extension for OSXStandalone target not found
Refreshing native plugins compatible for Editor in 0.65 ms, found 6 plugins.
Preloading 3 native plugins for Editor in 5.34 ms.
Package Manager log level set to [2]
[Package Manager] Server::EnsureServerProcessIsRunning -- launch failed, reason: Unity was launched with the -noUpm command-line argument
[Package Manager] Cannot connect to Unity Package Manager local server
System.NullReferenceException: Object reference not set to an instance of an object
  at Vuforia.EditorClasses.ExtensionTypeProvider.GetVuforiaPackageAbsPath () [0x0004a] in <6566551a77a143fd9a23ac5917f89fb7>:0 
  at Vuforia.EditorClasses.ExtensionTypeProvider.IsPackageManager () [0x00000] in <6566551a77a143fd9a23ac5917f89fb7>:0 
  at Vuforia.EditorClasses.ExtensionTypeProvider.ResolvePluginType () [0x00009] in <6566551a77a143fd9a23ac5917f89fb7>:0 
  at Vuforia.EditorClasses.ExtensionTypeProvider.GetPluginType () [0x0000c] in <6566551a77a143fd9a23ac5917f89fb7>:0 
  at Vuforia.EditorClasses.VuforiaUtilities.IsVuforiaEnabledInPlayerSettings () [0x00000] in <6566551a77a143fd9a23ac5917f89fb7>:0 
  at VuforiaEnabledObserver..cctor () [0x00000] in <6566551a77a143fd9a23ac5917f89fb7>:0 
UnityEngine.StackTraceUtility:ExtractStackTrace () (at /Users/bokken/buildslave/unity/build/Runtime/Export/Scripting/StackTrace.cs:37)
UnityEngine.DebugLogHandler:LogFormat (UnityEngine.LogType,UnityEngine.Object,string,object[])
UnityEngine.Logger:Log (UnityEngine.LogType,object)
UnityEngine.Debug:LogError (object)
UnityEditor.EditorAssemblies:ProcessInitializeOnLoadAttributes (System.Type[]) (at /Users/bokken/buildslave/unity/build/Editor/Mono/EditorAssemblies.cs:130)

(Filename: /Users/bokken/buildslave/unity/build/Editor/Mono/EditorAssemblies.cs Line: 130)

[Package Manager] Server::EnsureServerProcessIsRunning -- launch failed, reason: Unity was launched with the -noUpm command-line argument
[Package Manager] Cannot connect to Unity Package Manager local server
System.NullReferenceException: Object reference not set to an instance of an object
  at Vuforia.EditorClasses.ExtensionTypeProvider.GetVuforiaPackageAbsPath () [0x0004a] in <6566551a77a143fd9a23ac5917f89fb7>:0 
  at Vuforia.EditorClasses.ExtensionTypeProvider.IsPackageManager () [0x00000] in <6566551a77a143fd9a23ac5917f89fb7>:0 
  at Vuforia.EditorClasses.ExtensionTypeProvider.ResolvePluginType () [0x00009] in <6566551a77a143fd9a23ac5917f89fb7>:0 
  at Vuforia.EditorClasses.ExtensionTypeProvider.GetPluginType () [0x0000c] in <6566551a77a143fd9a23ac5917f89fb7>:0 
  at Vuforia.EditorClasses.VuforiaUtilities.IsVuforiaEnabledInPlayerSettings () [0x00000] in <6566551a77a143fd9a23ac5917f89fb7>:0 
  at Vuforia.EditorClasses.InitializeOnLoadVuforiaTaskRunner..cctor () [0x00015] in <6566551a77a143fd9a23ac5917f89fb7>:0 
UnityEngine.StackTraceUtility:ExtractStackTrace () (at /Users/bokken/buildslave/unity/build/Runtime/Export/Scripting/StackTrace.cs:37)
UnityEngine.DebugLogHandler:LogFormat (UnityEngine.LogType,UnityEngine.Object,string,object[])
UnityEngine.Logger:Log (UnityEngine.LogType,object)
UnityEngine.Debug:LogError (object)
UnityEditor.EditorAssemblies:ProcessInitializeOnLoadAttributes (System.Type[]) (at /Users/bokken/buildslave/unity/build/Editor/Mono/EditorAssemblies.cs:130)

(Filename: /Users/bokken/buildslave/unity/build/Editor/Mono/EditorAssemblies.cs Line: 130)

Mono: successfully reloaded assembly
- Completed reload, in  1.453 seconds
Domain Reload Profiling:
	ReloadAssembly (1453ms)
		BeginReloadAssembly (179ms)
			ExecutionOrderSort (0ms)
			DisableScriptedObjects (4ms)
			BackupInstance (0ms)
			ReleaseScriptingObjects (0ms)
			CreateAndSetChildDomain (127ms)
		EndReloadAssembly (1182ms)
			LoadAssemblies (78ms)
			RebuildTransferFunctionScriptingTraits (0ms)
			SetupTypeCache (232ms)
			ReleaseScriptCaches (1ms)
			RebuildScriptCaches (44ms)
			SetupLoadedEditorAssemblies (795ms)
				LogAssemblyErrors (0ms)
				InitializePlatformSupportModulesInManaged (18ms)
				SetLoadedEditorAssemblies (0ms)
				RefreshPlugins (6ms)
				BeforeProcessingInitializeOnLoad (68ms)
				ProcessInitializeOnLoadAttributes (677ms)
				ProcessInitializeOnLoadMethodAttributes (24ms)
				AfterProcessingInitializeOnLoad (1ms)
				EditorAssembliesLoaded (0ms)
			ExecutionOrderSort2 (0ms)
			AwakeInstancesAfterBackupRestoration (3ms)
Platform modules already initialized, skipping
========================================================================
Worker process is ready to serve import requests
Launching external process: /Applications/Unity/Hub/Editor/2021.3.6f1/Unity.app/Contents/Tools/UnityShaderCompiler
Launched and connected shader compiler UnityShaderCompiler after 0.12 seconds
Refreshing native plugins compatible for Editor in 0.58 ms, found 6 plugins.
Preloading 3 native plugins for Editor in 5.28 ms.
Unloading 3437 Unused Serialized files (Serialized files now loaded: 0)
Unloading 55 unused Assets / (149.7 KB). Loaded Objects now: 4244.
Memory consumption went from 263.8 MB to 263.6 MB.
Total: 2.896875 ms (FindLiveObjects: 0.161625 ms CreateObjectMapping: 0.055917 ms MarkObjects: 2.451417 ms  DeleteObjects: 0.226916 ms)

AssetImportParameters requested are different than current active one (requested -> active):
  custom:video-decoder-ogg-theora: a1e56fd34408186e4bbccfd4996cb3dc -> 
  custom:container-muxer-webm: aa71ff27fc2769a1b78a27578f13a17b -> 
  custom:container-demuxer-webm: 4f35f7cbe854078d1ac9338744f61a02 -> 
  custom:video-encoder-webm-vp8: eb34c28f22e8b96e1ab97ce403110664 -> 
  custom:framework-osx-AVFoundation: e770b220cccbd017edd2c1fefb359320 -> 
  custom:audio-encoder-webm-vorbis: bf7c407c2cedff20999df2af8eb42d56 -> 
  custom:container-demuxer-ogg: 62fdf1f143b41e24485cea50d1cbac27 -> 
  custom:video-decoder-webm-vp8: 9c59270c3fd7afecdb556c50c9e8de78 -> 
  custom:audio-decoder-ogg-vorbis: bf7c407c2cedff20999df2af8eb42d56 -> 
========================================================================
Received Import Request.
  Time since last request: 382562.742089 seconds.
  path: Assets/Resources/Scripts
  artifactKey: Guid(ccc8156aa62114a8d8d65205bdc0ff17) Importer(815301076,1909f56bfc062723c751e8b465ee728b)
Start importing Assets/Resources/Scripts using Guid(ccc8156aa62114a8d8d65205bdc0ff17) Importer(815301076,1909f56bfc062723c751e8b465ee728b)  -> (artifact id: 'a71d2668c2f2c66c771ef9795aea5010') in 0.005667 seconds 
========================================================================
Received Import Request.
  Time since last request: 1.682743 seconds.
  path: Assets/Resources/Materials
  artifactKey: Guid(447cd21bcfef1413a9e1e9147e3ed2df) Importer(815301076,1909f56bfc062723c751e8b465ee728b)
Start importing Assets/Resources/Materials using Guid(447cd21bcfef1413a9e1e9147e3ed2df) Importer(815301076,1909f56bfc062723c751e8b465ee728b)  -> (artifact id: 'cc17546dddb3bed08f24ba76a2d14863') in 0.000985 seconds 
========================================================================
Received Import Request.
  Time since last request: 0.192936 seconds.
  path: Assets/Resources/Materials/Web
  artifactKey: Guid(754d48d5b2f5e4576b3b791ab733b31c) Importer(815301076,1909f56bfc062723c751e8b465ee728b)
Start importing Assets/Resources/Materials/Web using Guid(754d48d5b2f5e4576b3b791ab733b31c) Importer(815301076,1909f56bfc062723c751e8b465ee728b)  -> (artifact id: 'f4d002dcafa24c023004c2c3aed8cb8f') in 0.000845 seconds 
========================================================================
Received Import Request.
  Time since last request: 2.442794 seconds.
  path: Assets/Resources/Materials/Created
  artifactKey: Guid(45677c15e7da04e88ae5c609a2358862) Importer(815301076,1909f56bfc062723c751e8b465ee728b)
Start importing Assets/Resources/Materials/Created using Guid(45677c15e7da04e88ae5c609a2358862) Importer(815301076,1909f56bfc062723c751e8b465ee728b)  -> (artifact id: '9a4e62f0b88ffe96d661b1db40f1d51c') in 0.002061 seconds 
========================================================================
Received Import Request.
  Time since last request: 5.215298 seconds.
  path: Assets/Resources/Materials/Web/Pavement textures pack
  artifactKey: Guid(01a03ba590a914864ab49347a724050a) Importer(815301076,1909f56bfc062723c751e8b465ee728b)
Start importing Assets/Resources/Materials/Web/Pavement textures pack using Guid(01a03ba590a914864ab49347a724050a) Importer(815301076,1909f56bfc062723c751e8b465ee728b)  -> (artifact id: '8114f6f99ff41166ebc1d53d5dace413') in 0.000877 seconds 
========================================================================
Received Import Request.
  Time since last request: 488.702233 seconds.
  path: Assets/TextMesh Pro/Resources
  artifactKey: Guid(dc115d148f0764991b923b4f2441149e) Importer(815301076,1909f56bfc062723c751e8b465ee728b)
Start importing Assets/TextMesh Pro/Resources using Guid(dc115d148f0764991b923b4f2441149e) Importer(815301076,1909f56bfc062723c751e8b465ee728b)  -> (artifact id: 'fb6d72c7bb9bf564ff6d31a4290316d9') in 0.002625 seconds 
========================================================================
Received Import Request.
  Time since last request: 0.160446 seconds.
  path: Assets/TextMesh Pro/Resources/LineBreaking Leading Characters.txt
  artifactKey: Guid(d82c1b31c7e74239bff1220585707d2b) Importer(815301076,1909f56bfc062723c751e8b465ee728b)
Start importing Assets/TextMesh Pro/Resources/LineBreaking Leading Characters.txt using Guid(d82c1b31c7e74239bff1220585707d2b) Importer(815301076,1909f56bfc062723c751e8b465ee728b)  -> (artifact id: 'b95b4c2a9b67a1b3b08a79aab403f964') in 1.626960 seconds 
========================================================================
Received Import Request.
  Time since last request: 3.588199 seconds.
  path: Assets/TextMesh Pro/Resources/Fonts & Materials
  artifactKey: Guid(ce7c8d53425fe4ee59ed0e83229bca99) Importer(815301076,1909f56bfc062723c751e8b465ee728b)
Start importing Assets/TextMesh Pro/Resources/Fonts & Materials using Guid(ce7c8d53425fe4ee59ed0e83229bca99) Importer(815301076,1909f56bfc062723c751e8b465ee728b)  -> (artifact id: '0410e5e98decc9de4520ccdaf78dbeb0') in 0.001100 seconds 
========================================================================
Received Import Request.
  Time since last request: 98.137316 seconds.
  path: Assets/Resources/Magic Kingdom Models/Web/Cinderella's+Castle-Picture/Castle_picture.dae
  artifactKey: Guid(2122193ba642e401dbfb316dfb9f55df) Importer(815301076,1909f56bfc062723c751e8b465ee728b)
Start importing Assets/Resources/Magic Kingdom Models/Web/Cinderella's+Castle-Picture/Castle_picture.dae using Guid(2122193ba642e401dbfb316dfb9f55df) Importer(815301076,1909f56bfc062723c751e8b465ee728b)  -> (artifact id: '22d15ba70b9d799215818d355eb49492') in 1.093116 seconds 
========================================================================
Received Import Request.
  Time since last request: 18.778230 seconds.
  path: Assets/Resources/Magic Kingdom Models/Web/Spirea/spirea.dae
  artifactKey: Guid(3fab216568a534f99b1b58fa90129788) Importer(815301076,1909f56bfc062723c751e8b465ee728b)
Start importing Assets/Resources/Magic Kingdom Models/Web/Spirea/spirea.dae using Guid(3fab216568a534f99b1b58fa90129788) Importer(815301076,1909f56bfc062723c751e8b465ee728b)  -> (artifact id: '2c6e1bae5e961a04a210a74ee64b52a9') in 0.198513 seconds 
========================================================================
Received Import Request.
  Time since last request: 15.626962 seconds.
  path: Assets/Resources/Materials/Web/Pavement textures pack/pavement 05/normal.tga
  artifactKey: Guid(39d3dcc278042be4c9fc30d1142a2b7c) Importer(815301076,1909f56bfc062723c751e8b465ee728b)
Start importing Assets/Resources/Materials/Web/Pavement textures pack/pavement 05/normal.tga using Guid(39d3dcc278042be4c9fc30d1142a2b7c) Importer(815301076,1909f56bfc062723c751e8b465ee728b)  -> (artifact id: '471d4067f2f176c9ee1a6ee5fd6d0081') in 0.484982 seconds 
========================================================================
Received Import Request.
  Time since last request: 3.867382 seconds.
  path: Packages/com.ptc.vuforia.engine/Vuforia/Textures/VirtualButtonPreview.png
  artifactKey: Guid(dd8287d41aafb4b4bacd7e0ebf634a0c) Importer(815301076,1909f56bfc062723c751e8b465ee728b)
Start importing Packages/com.ptc.vuforia.engine/Vuforia/Textures/VirtualButtonPreview.png using Guid(dd8287d41aafb4b4bacd7e0ebf634a0c) Importer(815301076,1909f56bfc062723c751e8b465ee728b)  -> (artifact id: '34d5ff5859aba57e4804352e9edc70c2') in 0.336132 seconds 
